<?xml version="1.0" encoding="UTF-8"?>
<!-- Generated by org.testng.reporters.JUnitReportReporter -->
<testsuite hostname="TriLaptop" failures="0" tests="1" name="com.example.GGSearch" time="5.436" errors="0" timestamp="29 Mar 2025 14:53:04 GMT" skipped="0">
  <testcase classname="com.example.GGSearch" name="testGGSearch" time="5.436"/>
</testsuite> <!-- com.example.GGSearch -->
