<?xml version="1.0" encoding="UTF-8"?>
<!-- Generated by org.testng.reporters.JUnitReportReporter -->
<testsuite hostname="TriLaptop" failures="0" tests="1" name="com.example.FacebookLogin" time="11.641" errors="0" timestamp="29 Mar 2025 09:25:16 GMT" skipped="0">
  <testcase classname="com.example.FacebookLogin" name="testFacebookLogin" time="11.641"/>
</testsuite> <!-- com.example.FacebookLogin -->
