<?xml version="1.0" encoding="UTF-8"?>
<!-- Generated by org.testng.reporters.JUnitReportReporter -->
<testsuite hostname="TriLaptop" failures="0" tests="1" name="com.example.FacebookLogin" time="9.975" errors="0" timestamp="29 Mar 2025 14:53:04 GMT" skipped="0">
  <testcase classname="com.example.FacebookLogin" name="testFacebookLogin" time="9.975"/>
</testsuite> <!-- com.example.FacebookLogin -->
