<?xml version="1.0" encoding="UTF-8"?>
<!-- Generated by org.testng.reporters.JUnitReportReporter -->
<testsuite hostname="TriLaptop" failures="0" tests="1" name="com.example.FacebookLogin" time="21.681" errors="0" timestamp="26 Mar 2025 06:53:17 GMT" skipped="0">
  <testcase classname="com.example.FacebookLogin" name="testFacebookLogin" time="21.681"/>
</testsuite> <!-- com.example.FacebookLogin -->
