<?xml version="1.0" encoding="UTF-8"?>
<!-- Generated by org.testng.reporters.JUnitReportReporter -->
<testsuite hostname="TriLaptop" failures="0" tests="2" name="unittest.MultipleBrowserTest" time="32.277" errors="0" timestamp="29 Mar 2025 15:09:48 GMT" skipped="0">
  <testcase classname="unittest.MultipleBrowserTest" name="runInBrowser" time="15.339"/>
  <testcase classname="unittest.MultipleBrowserTest" name="runInBrowser" time="16.938"/>
</testsuite> <!-- unittest.MultipleBrowserTest -->
