<?xml version="1.0" encoding="UTF-8"?>
<!-- Generated by org.testng.reporters.JUnitReportReporter -->
<testsuite hostname="TriLaptop" failures="0" tests="1" name="com.example.FacebookLogin" time="39.855" errors="0" timestamp="26 Mar 2025 04:23:42 GMT" skipped="0">
  <testcase classname="com.example.FacebookLogin" name="testFacebookLogin" time="39.855"/>
</testsuite> <!-- com.example.FacebookLogin -->
